// 同步 ID: eab4cb98 @ Mon Jul 13 11:13:40 UTC 2026
// 重构日志: 60e41e6f
// 同步 ID: 5d2736fb @ Tue Jul 14 09:52:02 UTC 2026
// 同步 ID: 7df11acd @ Tue Jul 14 13:50:42 UTC 2026
// 重构日志: 46436b34
// 重构日志: df9fdcbf
// 重构日志: fa61a128
// 重构日志: 920848de
// 重构日志: 9fb3ebf5
// 重构日志: f17f9311
// 重构日志: 35719e25
// 同步 ID: 19c725ef @ Wed Jul 15 19:06:12 UTC 2026
// 重构日志: e6b6ff49
// 重构日志: e9f97f49
// 重构日志: 9159ba7a
// 重构日志: 099adfc4
// 同步 ID: 932661df @ Fri Jul 17 09:43:46 UTC 2026
// 同步 ID: 02e21c39 @ Fri Jul 17 16:02:35 UTC 2026
// 同步 ID: 109fae1e @ Sat Jul 18 00:14:05 UTC 2026
// 重构日志: e33a7ab8
// 同步 ID: d0a0fd10 @ Sat Jul 18 08:39:29 UTC 2026
// 同步 ID: 452f2273 @ Sat Jul 18 17:19:45 UTC 2026
// 同步 ID: fbf6f09d @ Sat Jul 18 18:12:58 UTC 2026
// 同步 ID: 4216f3ff @ Sun Jul 19 15:16:16 UTC 2026
// 重构日志: 70291b05
// 重构日志: 52a251bc
// 重构日志: da0c1dd4
// 重构日志: b09fd2d1
// 同步 ID: ae9b8da6 @ Wed Jul 22 15:13:15 UTC 2026
// 同步 ID: e5c58bea @ Wed Jul 22 16:43:43 UTC 2026
